<?xml version="1.0" encoding="UTF-8"?>
<!-- Generated by org.testng.reporters.JUnitXMLReporter -->
<testsuite hostname="DESKTOP-5S5PDPE" ignored="0" name="Command line test" tests="2" failures="1" timestamp="10 Mar 2022 04:48:16 GMT" time="15.969" errors="0">
  <testcase name="validUserShouldBeAbleToCreateCustomer" time="8.623" classname="test.AddCustomerTest">
    <failure type="java.lang.NullPointerException">
      <![CDATA[java.lang.NullPointerException
at java.util.Objects.requireNonNull(Objects.java:203)
at org.openqa.selenium.support.ui.FluentWait.<init>(FluentWait.java:106)
at org.openqa.selenium.support.ui.WebDriverWait.<init>(WebDriverWait.java:85)
at org.openqa.selenium.support.ui.WebDriverWait.<init>(WebDriverWait.java:45)
at page.BasePage.waitForElement(BasePage.java:15)
at page.AddCustomerPage.verifyAddContactPage(AddCustomerPage.java:54)
at test.AddCustomerTest.validUserShouldBeAbleToCreateCustomer(AddCustomerTest.java:35)
... Removed 35 stack frames]]>
    </failure>
  </testcase> <!-- validUserShouldBeAbleToCreateCustomer -->
  <testcase name="validUserShouldBeAbleToLogin" time="7.289" classname="test.LoginTest"/>
</testsuite> <!-- Command line test -->
