<?xml version="1.0" encoding="UTF-8"?>
<testng-results skipped="0" failed="0" ignored="0" total="1" passed="1">
  <reporter-output>
  </reporter-output>
  <suite name="Default suite" duration-ms="7364" started-at="2022-03-11T09:51:17 HST" finished-at="2022-03-11T09:51:24 HST">
    <groups>
    </groups>
    <test name="Default test" duration-ms="7364" started-at="2022-03-11T09:51:17 HST" finished-at="2022-03-11T09:51:24 HST">
      <class name="test.LoginTest">
        <test-method status="PASS" signature="validUserShouldBeAbleToLogin()[pri:0, instance:test.LoginTest@4d41cee]" name="validUserShouldBeAbleToLogin" duration-ms="7303" started-at="2022-03-11T09:51:17 HST" finished-at="2022-03-11T09:51:24 HST">
          <reporter-output>
          </reporter-output>
        </test-method> <!-- validUserShouldBeAbleToLogin -->
      </class> <!-- test.LoginTest -->
    </test> <!-- Default test -->
  </suite> <!-- Default suite -->
</testng-results>
