<?xml version="1.0" encoding="UTF-8"?>
<testng-results skipped="0" failed="0" ignored="0" total="1" passed="1">
  <reporter-output>
  </reporter-output>
  <suite name="Default suite" duration-ms="8847" started-at="2022-03-09T13:33:24 HST" finished-at="2022-03-09T13:33:33 HST">
    <groups>
    </groups>
    <test name="Default test" duration-ms="8847" started-at="2022-03-09T13:33:24 HST" finished-at="2022-03-09T13:33:33 HST">
      <class name="test.LoginTest">
        <test-method status="PASS" signature="validUserShouldBeAbleToLogin()[pri:0, instance:test.LoginTest@4d41cee]" name="validUserShouldBeAbleToLogin" duration-ms="8782" started-at="2022-03-09T13:33:24 HST" finished-at="2022-03-09T13:33:33 HST">
          <reporter-output>
          </reporter-output>
        </test-method> <!-- validUserShouldBeAbleToLogin -->
      </class> <!-- test.LoginTest -->
    </test> <!-- Default test -->
  </suite> <!-- Default suite -->
</testng-results>
